mode: set
/home/ayush/Documents/LearningGo/prime_testp/main.go:5.13,9.2 3 0
/home/ayush/Documents/LearningGo/prime_testp/main.go:11.36,12.22 1 1
/home/ayush/Documents/LearningGo/prime_testp/main.go:16.2,16.11 1 1
/home/ayush/Documents/LearningGo/prime_testp/main.go:20.2,20.28 1 1
/home/ayush/Documents/LearningGo/prime_testp/main.go:26.2,26.47 1 1
/home/ayush/Documents/LearningGo/prime_testp/main.go:12.22,14.3 1 0
/home/ayush/Documents/LearningGo/prime_testp/main.go:16.11,18.3 1 0
/home/ayush/Documents/LearningGo/prime_testp/main.go:20.28,21.15 1 1
/home/ayush/Documents/LearningGo/prime_testp/main.go:21.15,23.4 1 1
